<?xml version="1.0" encoding="UTF-8"?>
<coverage generated="1746786923">
  <project timestamp="1746786923">
    <package name="App\Console\Commands">
      <file name="/home/kov/projects/propertymaster/app/Console/Commands/SendRentRemindersCommand.php">
        <class name="App\Console\Commands\SendRentRemindersCommand" namespace="App\Console\Commands">
          <metrics complexity="3" methods="2" coveredmethods="1" conditionals="0" coveredconditionals="0" statements="9" coveredstatements="2" elements="11" coveredelements="3"/>
        </class>
        <line num="38" type="method" name="__construct" visibility="public" complexity="1" crap="1" count="1"/>
        <line num="40" type="stmt" count="1"/>
        <line num="41" type="stmt" count="1"/>
        <line num="49" type="method" name="handle" visibility="public" complexity="2" crap="6" count="0"/>
        <line num="51" type="stmt" count="0"/>
        <line num="53" type="stmt" count="0"/>
        <line num="55" type="stmt" count="0"/>
        <line num="57" type="stmt" count="0"/>
        <line num="58" type="stmt" count="0"/>
        <line num="60" type="stmt" count="0"/>
        <line num="63" type="stmt" count="0"/>
        <metrics loc="66" ncloc="40" classes="1" methods="2" coveredmethods="1" conditionals="0" coveredconditionals="0" statements="9" coveredstatements="2" elements="11" coveredelements="3"/>
      </file>
    </package>
    <package name="App\Domain\Property\Models">
      <file name="/home/kov/projects/propertymaster/app/Domain/Property/Models/Lease.php">
        <class name="App\Domain\Property\Models\Lease" namespace="App\Domain\Property\Models">
          <metrics complexity="8" methods="8" coveredmethods="0" conditionals="0" coveredconditionals="0" statements="8" coveredstatements="0" elements="16" coveredelements="0"/>
        </class>
        <line num="47" type="method" name="unit" visibility="public" complexity="1" crap="2" count="0"/>
        <line num="49" type="stmt" count="0"/>
        <line num="55" type="method" name="tenant" visibility="public" complexity="1" crap="2" count="0"/>
        <line num="57" type="stmt" count="0"/>
        <line num="63" type="method" name="payments" visibility="public" complexity="1" crap="2" count="0"/>
        <line num="65" type="stmt" count="0"/>
        <line num="71" type="method" name="scopeActive" visibility="public" complexity="1" crap="2" count="0"/>
        <line num="73" type="stmt" count="0"/>
        <line num="79" type="method" name="isActive" visibility="public" complexity="1" crap="2" count="0"/>
        <line num="81" type="stmt" count="0"/>
        <line num="87" type="method" name="getTotalPaidAttribute" visibility="public" complexity="1" crap="2" count="0"/>
        <line num="89" type="stmt" count="0"/>
        <line num="95" type="method" name="getDurationMonthsAttribute" visibility="public" complexity="1" crap="2" count="0"/>
        <line num="97" type="stmt" count="0"/>
        <line num="99" type="method" name="newFactory" visibility="protected" complexity="1" crap="2" count="0"/>
        <line num="101" type="stmt" count="0"/>
        <metrics loc="106" ncloc="75" classes="1" methods="8" coveredmethods="0" conditionals="0" coveredconditionals="0" statements="8" coveredstatements="0" elements="16" coveredelements="0"/>
      </file>
      <file name="/home/kov/projects/propertymaster/app/Domain/Property/Models/Payment.php">
        <class name="App\Domain\Property\Models\Payment" namespace="App\Domain\Property\Models">
          <metrics complexity="4" methods="4" coveredmethods="0" conditionals="0" coveredconditionals="0" statements="4" coveredstatements="0" elements="8" coveredelements="0"/>
        </class>
        <line num="42" type="method" name="lease" visibility="public" complexity="1" crap="2" count="0"/>
        <line num="44" type="stmt" count="0"/>
        <line num="50" type="method" name="scopeCompleted" visibility="public" complexity="1" crap="2" count="0"/>
        <line num="52" type="stmt" count="0"/>
        <line num="58" type="method" name="isCompleted" visibility="public" complexity="1" crap="2" count="0"/>
        <line num="60" type="stmt" count="0"/>
        <line num="63" type="method" name="newFactory" visibility="protected" complexity="1" crap="2" count="0"/>
        <line num="65" type="stmt" count="0"/>
        <metrics loc="69" ncloc="50" classes="1" methods="4" coveredmethods="0" conditionals="0" coveredconditionals="0" statements="4" coveredstatements="0" elements="8" coveredelements="0"/>
      </file>
      <file name="/home/kov/projects/propertymaster/app/Domain/Property/Models/Property.php">
        <class name="App\Domain\Property\Models\Property" namespace="App\Domain\Property\Models">
          <metrics complexity="3" methods="3" coveredmethods="0" conditionals="0" coveredconditionals="0" statements="3" coveredstatements="0" elements="6" coveredelements="0"/>
        </class>
        <line num="32" type="method" name="user" visibility="public" complexity="1" crap="2" count="0"/>
        <line num="34" type="stmt" count="0"/>
        <line num="40" type="method" name="units" visibility="public" complexity="1" crap="2" count="0"/>
        <line num="42" type="stmt" count="0"/>
        <line num="45" type="method" name="newFactory" visibility="protected" complexity="1" crap="2" count="0"/>
        <line num="47" type="stmt" count="0"/>
        <metrics loc="51" ncloc="40" classes="1" methods="3" coveredmethods="0" conditionals="0" coveredconditionals="0" statements="3" coveredstatements="0" elements="6" coveredelements="0"/>
      </file>
      <file name="/home/kov/projects/propertymaster/app/Domain/Property/Models/Tenant.php">
        <class name="App\Domain\Property\Models\Tenant" namespace="App\Domain\Property\Models">
          <metrics complexity="4" methods="4" coveredmethods="0" conditionals="0" coveredconditionals="0" statements="4" coveredstatements="0" elements="8" coveredelements="0"/>
        </class>
        <line num="33" type="method" name="leases" visibility="public" complexity="1" crap="2" count="0"/>
        <line num="35" type="stmt" count="0"/>
        <line num="41" type="method" name="activeLease" visibility="public" complexity="1" crap="2" count="0"/>
        <line num="43" type="stmt" count="0"/>
        <line num="51" type="method" name="getFullNameAttribute" visibility="public" complexity="1" crap="2" count="0"/>
        <line num="53" type="stmt" count="0"/>
        <line num="56" type="method" name="newFactory" visibility="protected" complexity="1" crap="2" count="0"/>
        <line num="58" type="stmt" count="0"/>
        <metrics loc="63" ncloc="49" classes="1" methods="4" coveredmethods="0" conditionals="0" coveredconditionals="0" statements="4" coveredstatements="0" elements="8" coveredelements="0"/>
      </file>
      <file name="/home/kov/projects/propertymaster/app/Domain/Property/Models/Unit.php">
        <class name="App\Domain\Property\Models\Unit" namespace="App\Domain\Property\Models">
          <metrics complexity="4" methods="4" coveredmethods="0" conditionals="0" coveredconditionals="0" statements="4" coveredstatements="0" elements="8" coveredelements="0"/>
        </class>
        <line num="33" type="method" name="property" visibility="public" complexity="1" crap="2" count="0"/>
        <line num="35" type="stmt" count="0"/>
        <line num="41" type="method" name="leases" visibility="public" complexity="1" crap="2" count="0"/>
        <line num="43" type="stmt" count="0"/>
        <line num="49" type="method" name="activeLease" visibility="public" complexity="1" crap="2" count="0"/>
        <line num="51" type="stmt" count="0"/>
        <line num="54" type="method" name="newFactory" visibility="protected" complexity="1" crap="2" count="0"/>
        <line num="56" type="stmt" count="0"/>
        <metrics loc="61" ncloc="47" classes="1" methods="4" coveredmethods="0" conditionals="0" coveredconditionals="0" statements="4" coveredstatements="0" elements="8" coveredelements="0"/>
      </file>
      <file name="/home/kov/projects/propertymaster/app/Domain/Property/Models/User.php">
        <class name="App\Domain\Property\Models\User" namespace="App\Domain\Property\Models">
          <metrics complexity="6" methods="5" coveredmethods="0" conditionals="0" coveredconditionals="0" statements="8" coveredstatements="0" elements="13" coveredelements="0"/>
        </class>
        <line num="45" type="method" name="casts" visibility="protected" complexity="1" crap="2" count="0"/>
        <line num="47" type="stmt" count="0"/>
        <line num="48" type="stmt" count="0"/>
        <line num="49" type="stmt" count="0"/>
        <line num="50" type="stmt" count="0"/>
        <line num="55" type="method" name="properties" visibility="public" complexity="1" crap="2" count="0"/>
        <line num="57" type="stmt" count="0"/>
        <line num="63" type="method" name="isAdmin" visibility="public" complexity="1" crap="2" count="0"/>
        <line num="65" type="stmt" count="0"/>
        <line num="71" type="method" name="isManager" visibility="public" complexity="2" crap="6" count="0"/>
        <line num="73" type="stmt" count="0"/>
        <line num="76" type="method" name="newFactory" visibility="protected" complexity="1" crap="2" count="0"/>
        <line num="78" type="stmt" count="0"/>
        <metrics loc="82" ncloc="56" classes="1" methods="5" coveredmethods="0" conditionals="0" coveredconditionals="0" statements="8" coveredstatements="0" elements="13" coveredelements="0"/>
      </file>
    </package>
    <package name="App\Http\Controllers\Api\v1\Auth">
      <file name="/home/kov/projects/propertymaster/app/Http/Controllers/Api/v1/Auth/AuthController.php">
        <class name="App\Http\Controllers\Api\v1\Auth\AuthController" namespace="App\Http\Controllers\Api\v1\Auth">
          <metrics complexity="15" methods="7" coveredmethods="0" conditionals="0" coveredconditionals="0" statements="84" coveredstatements="0" elements="91" coveredelements="0"/>
        </class>
        <line num="20" type="method" name="__construct" visibility="public" complexity="1" crap="2" count="0"/>
        <line num="22" type="stmt" count="0"/>
        <line num="31" type="method" name="register" visibility="public" complexity="3" crap="12" count="0"/>
        <line num="33" type="stmt" count="0"/>
        <line num="34" type="stmt" count="0"/>
        <line num="35" type="stmt" count="0"/>
        <line num="36" type="stmt" count="0"/>
        <line num="37" type="stmt" count="0"/>
        <line num="38" type="stmt" count="0"/>
        <line num="40" type="stmt" count="0"/>
        <line num="41" type="stmt" count="0"/>
        <line num="42" type="stmt" count="0"/>
        <line num="43" type="stmt" count="0"/>
        <line num="44" type="stmt" count="0"/>
        <line num="47" type="stmt" count="0"/>
        <line num="50" type="stmt" count="0"/>
        <line num="51" type="stmt" count="0"/>
        <line num="54" type="stmt" count="0"/>
        <line num="56" type="stmt" count="0"/>
        <line num="57" type="stmt" count="0"/>
        <line num="58" type="stmt" count="0"/>
        <line num="59" type="stmt" count="0"/>
        <line num="60" type="stmt" count="0"/>
        <line num="61" type="stmt" count="0"/>
        <line num="70" type="method" name="login" visibility="public" complexity="3" crap="12" count="0"/>
        <line num="72" type="stmt" count="0"/>
        <line num="73" type="stmt" count="0"/>
        <line num="74" type="stmt" count="0"/>
        <line num="75" type="stmt" count="0"/>
        <line num="77" type="stmt" count="0"/>
        <line num="78" type="stmt" count="0"/>
        <line num="79" type="stmt" count="0"/>
        <line num="80" type="stmt" count="0"/>
        <line num="81" type="stmt" count="0"/>
        <line num="85" type="stmt" count="0"/>
        <line num="86" type="stmt" count="0"/>
        <line num="87" type="stmt" count="0"/>
        <line num="88" type="stmt" count="0"/>
        <line num="90" type="stmt" count="0"/>
        <line num="91" type="stmt" count="0"/>
        <line num="92" type="stmt" count="0"/>
        <line num="93" type="stmt" count="0"/>
        <line num="94" type="stmt" count="0"/>
        <line num="95" type="stmt" count="0"/>
        <line num="96" type="stmt" count="0"/>
        <line num="97" type="stmt" count="0"/>
        <line num="98" type="stmt" count="0"/>
        <line num="99" type="stmt" count="0"/>
        <line num="109" type="method" name="logout" visibility="public" complexity="1" crap="2" count="0"/>
        <line num="111" type="stmt" count="0"/>
        <line num="113" type="stmt" count="0"/>
        <line num="114" type="stmt" count="0"/>
        <line num="115" type="stmt" count="0"/>
        <line num="124" type="method" name="forgotPassword" visibility="public" complexity="3" crap="12" count="0"/>
        <line num="126" type="stmt" count="0"/>
        <line num="127" type="stmt" count="0"/>
        <line num="128" type="stmt" count="0"/>
        <line num="130" type="stmt" count="0"/>
        <line num="131" type="stmt" count="0"/>
        <line num="132" type="stmt" count="0"/>
        <line num="133" type="stmt" count="0"/>
        <line num="134" type="stmt" count="0"/>
        <line num="137" type="stmt" count="0"/>
        <line num="139" type="stmt" count="0"/>
        <line num="140" type="stmt" count="0"/>
        <line num="141" type="stmt" count="0"/>
        <line num="142" type="stmt" count="0"/>
        <line num="145" type="stmt" count="0"/>
        <line num="146" type="stmt" count="0"/>
        <line num="147" type="stmt" count="0"/>
        <line num="156" type="method" name="resetPassword" visibility="public" complexity="3" crap="12" count="0"/>
        <line num="158" type="stmt" count="0"/>
        <line num="159" type="stmt" count="0"/>
        <line num="160" type="stmt" count="0"/>
        <line num="161" type="stmt" count="0"/>
        <line num="162" type="stmt" count="0"/>
        <line num="164" type="stmt" count="0"/>
        <line num="165" type="stmt" count="0"/>
        <line num="166" type="stmt" count="0"/>
        <line num="167" type="stmt" count="0"/>
        <line num="168" type="stmt" count="0"/>
        <line num="171" type="stmt" count="0"/>
        <line num="173" type="stmt" count="0"/>
        <line num="174" type="stmt" count="0"/>
        <line num="175" type="stmt" count="0"/>
        <line num="176" type="stmt" count="0"/>
        <line num="179" type="stmt" count="0"/>
        <line num="180" type="stmt" count="0"/>
        <line num="181" type="stmt" count="0"/>
        <line num="190" type="method" name="user" visibility="public" complexity="1" crap="2" count="0"/>
        <line num="192" type="stmt" count="0"/>
        <metrics loc="195" ncloc="153" classes="1" methods="7" coveredmethods="0" conditionals="0" coveredconditionals="0" statements="84" coveredstatements="0" elements="91" coveredelements="0"/>
      </file>
    </package>
    <package name="App\Http\Controllers\Api\v1\Lease">
      <file name="/home/kov/projects/propertymaster/app/Http/Controllers/Api/v1/Lease/LeaseController.php">
        <class name="App\Http\Controllers\Api\v1\Lease\LeaseController" namespace="App\Http\Controllers\Api\v1\Lease">
          <metrics complexity="18" methods="12" coveredmethods="0" conditionals="0" coveredconditionals="0" statements="72" coveredstatements="0" elements="84" coveredelements="0"/>
        </class>
        <line num="20" type="method" name="__construct" visibility="public" complexity="1" crap="2" count="0"/>
        <line num="22" type="stmt" count="0"/>
        <line num="32" type="method" name="index" visibility="public" complexity="1" crap="2" count="0"/>
        <line num="34" type="stmt" count="0"/>
        <line num="35" type="stmt" count="0"/>
        <line num="37" type="stmt" count="0"/>
        <line num="46" type="method" name="show" visibility="public" complexity="2" crap="6" count="0"/>
        <line num="48" type="stmt" count="0"/>
        <line num="50" type="stmt" count="0"/>
        <line num="51" type="stmt" count="0"/>
        <line num="54" type="stmt" count="0"/>
        <line num="63" type="method" name="store" visibility="public" complexity="2" crap="6" count="0"/>
        <line num="65" type="stmt" count="0"/>
        <line num="66" type="stmt" count="0"/>
        <line num="67" type="stmt" count="0"/>
        <line num="68" type="stmt" count="0"/>
        <line num="69" type="stmt" count="0"/>
        <line num="70" type="stmt" count="0"/>
        <line num="71" type="stmt" count="0"/>
        <line num="72" type="stmt" count="0"/>
        <line num="73" type="stmt" count="0"/>
        <line num="74" type="stmt" count="0"/>
        <line num="77" type="stmt" count="0"/>
        <line num="78" type="stmt" count="0"/>
        <line num="79" type="stmt" count="0"/>
        <line num="80" type="stmt" count="0"/>
        <line num="91" type="method" name="update" visibility="public" complexity="2" crap="6" count="0"/>
        <line num="93" type="stmt" count="0"/>
        <line num="94" type="stmt" count="0"/>
        <line num="95" type="stmt" count="0"/>
        <line num="96" type="stmt" count="0"/>
        <line num="97" type="stmt" count="0"/>
        <line num="98" type="stmt" count="0"/>
        <line num="99" type="stmt" count="0"/>
        <line num="100" type="stmt" count="0"/>
        <line num="101" type="stmt" count="0"/>
        <line num="102" type="stmt" count="0"/>
        <line num="104" type="stmt" count="0"/>
        <line num="106" type="stmt" count="0"/>
        <line num="107" type="stmt" count="0"/>
        <line num="110" type="stmt" count="0"/>
        <line num="119" type="method" name="destroy" visibility="public" complexity="2" crap="6" count="0"/>
        <line num="121" type="stmt" count="0"/>
        <line num="123" type="stmt" count="0"/>
        <line num="124" type="stmt" count="0"/>
        <line num="127" type="stmt" count="0"/>
        <line num="137" type="method" name="getLeasesByUnit" visibility="public" complexity="1" crap="2" count="0"/>
        <line num="139" type="stmt" count="0"/>
        <line num="140" type="stmt" count="0"/>
        <line num="142" type="stmt" count="0"/>
        <line num="152" type="method" name="getLeasesByTenant" visibility="public" complexity="1" crap="2" count="0"/>
        <line num="154" type="stmt" count="0"/>
        <line num="155" type="stmt" count="0"/>
        <line num="157" type="stmt" count="0"/>
        <line num="166" type="method" name="getActiveLeases" visibility="public" complexity="1" crap="2" count="0"/>
        <line num="168" type="stmt" count="0"/>
        <line num="169" type="stmt" count="0"/>
        <line num="171" type="stmt" count="0"/>
        <line num="180" type="method" name="getExpiringLeases" visibility="public" complexity="1" crap="2" count="0"/>
        <line num="182" type="stmt" count="0"/>
        <line num="183" type="stmt" count="0"/>
        <line num="184" type="stmt" count="0"/>
        <line num="186" type="stmt" count="0"/>
        <line num="196" type="method" name="terminateLease" visibility="public" complexity="2" crap="6" count="0"/>
        <line num="198" type="stmt" count="0"/>
        <line num="199" type="stmt" count="0"/>
        <line num="200" type="stmt" count="0"/>
        <line num="202" type="stmt" count="0"/>
        <line num="204" type="stmt" count="0"/>
        <line num="205" type="stmt" count="0"/>
        <line num="208" type="stmt" count="0"/>
        <line num="218" type="method" name="renewLease" visibility="public" complexity="2" crap="6" count="0"/>
        <line num="220" type="stmt" count="0"/>
        <line num="221" type="stmt" count="0"/>
        <line num="222" type="stmt" count="0"/>
        <line num="223" type="stmt" count="0"/>
        <line num="225" type="stmt" count="0"/>
        <line num="226" type="stmt" count="0"/>
        <line num="227" type="stmt" count="0"/>
        <line num="228" type="stmt" count="0"/>
        <line num="229" type="stmt" count="0"/>
        <line num="231" type="stmt" count="0"/>
        <line num="232" type="stmt" count="0"/>
        <line num="235" type="stmt" count="0"/>
        <metrics loc="239" ncloc="162" classes="1" methods="12" coveredmethods="0" conditionals="0" coveredconditionals="0" statements="72" coveredstatements="0" elements="84" coveredelements="0"/>
      </file>
    </package>
    <package name="App\Http\Controllers\Api\v1\Payment">
      <file name="/home/kov/projects/propertymaster/app/Http/Controllers/Api/v1/Payment/PaymentController.php">
        <class name="App\Http\Controllers\Api\v1\Payment\PaymentController" namespace="App\Http\Controllers\Api\v1\Payment">
          <metrics complexity="24" methods="13" coveredmethods="0" conditionals="0" coveredconditionals="0" statements="81" coveredstatements="0" elements="94" coveredelements="0"/>
        </class>
        <line num="21" type="method" name="__construct" visibility="public" complexity="1" crap="2" count="0"/>
        <line num="23" type="stmt" count="0"/>
        <line num="24" type="stmt" count="0"/>
        <line num="34" type="method" name="index" visibility="public" complexity="1" crap="2" count="0"/>
        <line num="36" type="stmt" count="0"/>
        <line num="37" type="stmt" count="0"/>
        <line num="39" type="stmt" count="0"/>
        <line num="48" type="method" name="show" visibility="public" complexity="2" crap="6" count="0"/>
        <line num="50" type="stmt" count="0"/>
        <line num="52" type="stmt" count="0"/>
        <line num="53" type="stmt" count="0"/>
        <line num="56" type="stmt" count="0"/>
        <line num="65" type="method" name="store" visibility="public" complexity="2" crap="6" count="0"/>
        <line num="67" type="stmt" count="0"/>
        <line num="68" type="stmt" count="0"/>
        <line num="69" type="stmt" count="0"/>
        <line num="70" type="stmt" count="0"/>
        <line num="71" type="stmt" count="0"/>
        <line num="72" type="stmt" count="0"/>
        <line num="73" type="stmt" count="0"/>
        <line num="74" type="stmt" count="0"/>
        <line num="77" type="stmt" count="0"/>
        <line num="78" type="stmt" count="0"/>
        <line num="79" type="stmt" count="0"/>
        <line num="80" type="stmt" count="0"/>
        <line num="91" type="method" name="update" visibility="public" complexity="2" crap="6" count="0"/>
        <line num="93" type="stmt" count="0"/>
        <line num="94" type="stmt" count="0"/>
        <line num="95" type="stmt" count="0"/>
        <line num="96" type="stmt" count="0"/>
        <line num="97" type="stmt" count="0"/>
        <line num="98" type="stmt" count="0"/>
        <line num="99" type="stmt" count="0"/>
        <line num="100" type="stmt" count="0"/>
        <line num="101" type="stmt" count="0"/>
        <line num="103" type="stmt" count="0"/>
        <line num="105" type="stmt" count="0"/>
        <line num="106" type="stmt" count="0"/>
        <line num="109" type="stmt" count="0"/>
        <line num="118" type="method" name="destroy" visibility="public" complexity="2" crap="6" count="0"/>
        <line num="120" type="stmt" count="0"/>
        <line num="122" type="stmt" count="0"/>
        <line num="123" type="stmt" count="0"/>
        <line num="126" type="stmt" count="0"/>
        <line num="136" type="method" name="getPaymentsByLease" visibility="public" complexity="1" crap="2" count="0"/>
        <line num="138" type="stmt" count="0"/>
        <line num="139" type="stmt" count="0"/>
        <line num="141" type="stmt" count="0"/>
        <line num="150" type="method" name="getPaymentsByDateRange" visibility="public" complexity="1" crap="2" count="0"/>
        <line num="152" type="stmt" count="0"/>
        <line num="153" type="stmt" count="0"/>
        <line num="154" type="stmt" count="0"/>
        <line num="155" type="stmt" count="0"/>
        <line num="157" type="stmt" count="0"/>
        <line num="158" type="stmt" count="0"/>
        <line num="159" type="stmt" count="0"/>
        <line num="160" type="stmt" count="0"/>
        <line num="161" type="stmt" count="0"/>
        <line num="162" type="stmt" count="0"/>
        <line num="164" type="stmt" count="0"/>
        <line num="173" type="method" name="getOutstandingPayments" visibility="public" complexity="1" crap="2" count="0"/>
        <line num="175" type="stmt" count="0"/>
        <line num="176" type="stmt" count="0"/>
        <line num="178" type="stmt" count="0"/>
        <line num="187" type="method" name="markPaymentAsCompleted" visibility="public" complexity="3" crap="12" count="0"/>
        <line num="189" type="stmt" count="0"/>
        <line num="191" type="stmt" count="0"/>
        <line num="192" type="stmt" count="0"/>
        <line num="195" type="stmt" count="0"/>
        <line num="196" type="stmt" count="0"/>
        <line num="198" type="stmt" count="0"/>
        <line num="201" type="stmt" count="0"/>
        <line num="210" type="method" name="generateRentInvoice" visibility="public" complexity="2" crap="6" count="0"/>
        <line num="212" type="stmt" count="0"/>
        <line num="213" type="stmt" count="0"/>
        <line num="214" type="stmt" count="0"/>
        <line num="217" type="stmt" count="0"/>
        <line num="218" type="stmt" count="0"/>
        <line num="219" type="stmt" count="0"/>
        <line num="220" type="stmt" count="0"/>
        <line num="230" type="method" name="sendPaymentReceipt" visibility="public" complexity="3" crap="12" count="0"/>
        <line num="233" type="stmt" count="0"/>
        <line num="235" type="stmt" count="0"/>
        <line num="236" type="stmt" count="0"/>
        <line num="239" type="stmt" count="0"/>
        <line num="240" type="stmt" count="0"/>
        <line num="241" type="stmt" count="0"/>
        <line num="252" type="method" name="sendRentReminder" visibility="public" complexity="3" crap="12" count="0"/>
        <line num="255" type="stmt" count="0"/>
        <line num="257" type="stmt" count="0"/>
        <line num="258" type="stmt" count="0"/>
        <line num="261" type="stmt" count="0"/>
        <line num="262" type="stmt" count="0"/>
        <line num="263" type="stmt" count="0"/>
        <metrics loc="268" ncloc="188" classes="1" methods="13" coveredmethods="0" conditionals="0" coveredconditionals="0" statements="81" coveredstatements="0" elements="94" coveredelements="0"/>
      </file>
    </package>
    <package name="App\Http\Controllers\Api\v1\Property">
      <file name="/home/kov/projects/propertymaster/app/Http/Controllers/Api/v1/Property/IndexController.php">
        <class name="App\Http\Controllers\Api\v1\Property\IndexController" namespace="App\Http\Controllers\Api\v1\Property">
          <metrics complexity="16" methods="9" coveredmethods="8" conditionals="0" coveredconditionals="0" statements="100" coveredstatements="99" elements="109" coveredelements="107"/>
        </class>
        <line num="15" type="method" name="__construct" visibility="public" complexity="1" crap="1" count="13"/>
        <line num="17" type="stmt" count="13"/>
        <line num="26" type="method" name="index" visibility="public" complexity="1" crap="1" count="2"/>
        <line num="28" type="stmt" count="2"/>
        <line num="29" type="stmt" count="2"/>
        <line num="31" type="stmt" count="2"/>
        <line num="34" type="stmt" count="2"/>
        <line num="37" type="stmt" count="2"/>
        <line num="38" type="stmt" count="2"/>
        <line num="40" type="stmt" count="2"/>
        <line num="41" type="stmt" count="2"/>
        <line num="42" type="stmt" count="2"/>
        <line num="43" type="stmt" count="2"/>
        <line num="44" type="stmt" count="2"/>
        <line num="53" type="method" name="store" visibility="public" complexity="2" crap="2" count="2"/>
        <line num="55" type="stmt" count="2"/>
        <line num="56" type="stmt" count="2"/>
        <line num="57" type="stmt" count="2"/>
        <line num="58" type="stmt" count="2"/>
        <line num="59" type="stmt" count="2"/>
        <line num="60" type="stmt" count="2"/>
        <line num="61" type="stmt" count="2"/>
        <line num="63" type="stmt" count="2"/>
        <line num="65" type="stmt" count="2"/>
        <line num="66" type="stmt" count="1"/>
        <line num="67" type="stmt" count="1"/>
        <line num="68" type="stmt" count="1"/>
        <line num="69" type="stmt" count="1"/>
        <line num="72" type="stmt" count="1"/>
        <line num="75" type="stmt" count="1"/>
        <line num="77" type="stmt" count="1"/>
        <line num="78" type="stmt" count="1"/>
        <line num="79" type="stmt" count="1"/>
        <line num="80" type="stmt" count="1"/>
        <line num="89" type="method" name="show" visibility="public" complexity="2" crap="2" count="2"/>
        <line num="91" type="stmt" count="2"/>
        <line num="93" type="stmt" count="2"/>
        <line num="95" type="stmt" count="2"/>
        <line num="97" type="stmt" count="1"/>
        <line num="98" type="stmt" count="1"/>
        <line num="99" type="stmt" count="1"/>
        <line num="100" type="stmt" count="1"/>
        <line num="101" type="stmt" count="1"/>
        <line num="102" type="stmt" count="1"/>
        <line num="103" type="stmt" count="1"/>
        <line num="104" type="stmt" count="1"/>
        <line num="105" type="stmt" count="1"/>
        <line num="107" type="stmt" count="2"/>
        <line num="117" type="method" name="update" visibility="public" complexity="3" crap="3" count="3"/>
        <line num="119" type="stmt" count="3"/>
        <line num="120" type="stmt" count="3"/>
        <line num="121" type="stmt" count="3"/>
        <line num="122" type="stmt" count="3"/>
        <line num="123" type="stmt" count="3"/>
        <line num="124" type="stmt" count="3"/>
        <line num="125" type="stmt" count="3"/>
        <line num="126" type="stmt" count="3"/>
        <line num="128" type="stmt" count="3"/>
        <line num="129" type="stmt" count="1"/>
        <line num="130" type="stmt" count="1"/>
        <line num="131" type="stmt" count="1"/>
        <line num="132" type="stmt" count="1"/>
        <line num="136" type="stmt" count="2"/>
        <line num="139" type="stmt" count="1"/>
        <line num="140" type="stmt" count="1"/>
        <line num="142" type="stmt" count="1"/>
        <line num="143" type="stmt" count="1"/>
        <line num="144" type="stmt" count="1"/>
        <line num="145" type="stmt" count="1"/>
        <line num="146" type="stmt" count="1"/>
        <line num="147" type="stmt" count="1"/>
        <line num="148" type="stmt" count="1"/>
        <line num="149" type="stmt" count="1"/>
        <line num="150" type="stmt" count="1"/>
        <line num="160" type="method" name="destroy" visibility="public" complexity="2" crap="2" count="2"/>
        <line num="163" type="stmt" count="2"/>
        <line num="166" type="stmt" count="1"/>
        <line num="167" type="stmt" count="1"/>
        <line num="169" type="stmt" count="1"/>
        <line num="170" type="stmt" count="1"/>
        <line num="171" type="stmt" count="1"/>
        <line num="172" type="stmt" count="1"/>
        <line num="173" type="stmt" count="1"/>
        <line num="174" type="stmt" count="1"/>
        <line num="175" type="stmt" count="1"/>
        <line num="176" type="stmt" count="1"/>
        <line num="177" type="stmt" count="1"/>
        <line num="188" type="method" name="getByUser" visibility="public" complexity="1" crap="1" count="2"/>
        <line num="190" type="stmt" count="2"/>
        <line num="191" type="stmt" count="2"/>
        <line num="193" type="stmt" count="2"/>
        <line num="196" type="stmt" count="2"/>
        <line num="199" type="stmt" count="2"/>
        <line num="200" type="stmt" count="2"/>
        <line num="202" type="stmt" count="2"/>
        <line num="203" type="stmt" count="2"/>
        <line num="204" type="stmt" count="2"/>
        <line num="205" type="stmt" count="2"/>
        <line num="206" type="stmt" count="2"/>
        <line num="212" type="method" name="trackCacheKey" visibility="private" complexity="2" crap="2" count="4"/>
        <line num="214" type="stmt" count="4"/>
        <line num="215" type="stmt" count="4"/>
        <line num="216" type="stmt" count="4"/>
        <line num="217" type="stmt" count="4"/>
        <line num="224" type="method" name="clearPropertiesCache" visibility="private" complexity="2" crap="2.06" count="3"/>
        <line num="227" type="stmt" count="3"/>
        <line num="230" type="stmt" count="3"/>
        <line num="231" type="stmt" count="0"/>
        <line num="235" type="stmt" count="3"/>
        <metrics loc="238" ncloc="184" classes="1" methods="9" coveredmethods="8" conditionals="0" coveredconditionals="0" statements="100" coveredstatements="99" elements="109" coveredelements="107"/>
      </file>
    </package>
    <package name="App\Http\Controllers\Api\v1\Tenant">
      <file name="/home/kov/projects/propertymaster/app/Http/Controllers/Api/v1/Tenant/TenantController.php">
        <class name="App\Http\Controllers\Api\v1\Tenant\TenantController" namespace="App\Http\Controllers\Api\v1\Tenant">
          <metrics complexity="15" methods="8" coveredmethods="0" conditionals="0" coveredconditionals="0" statements="99" coveredstatements="0" elements="107" coveredelements="0"/>
        </class>
        <line num="18" type="method" name="__construct" visibility="public" complexity="1" crap="2" count="0"/>
        <line num="20" type="stmt" count="0"/>
        <line num="29" type="method" name="index" visibility="public" complexity="1" crap="2" count="0"/>
        <line num="31" type="stmt" count="0"/>
        <line num="32" type="stmt" count="0"/>
        <line num="33" type="stmt" count="0"/>
        <line num="36" type="stmt" count="0"/>
        <line num="39" type="stmt" count="0"/>
        <line num="40" type="stmt" count="0"/>
        <line num="42" type="stmt" count="0"/>
        <line num="43" type="stmt" count="0"/>
        <line num="44" type="stmt" count="0"/>
        <line num="45" type="stmt" count="0"/>
        <line num="46" type="stmt" count="0"/>
        <line num="55" type="method" name="store" visibility="public" complexity="2" crap="6" count="0"/>
        <line num="57" type="stmt" count="0"/>
        <line num="58" type="stmt" count="0"/>
        <line num="59" type="stmt" count="0"/>
        <line num="60" type="stmt" count="0"/>
        <line num="61" type="stmt" count="0"/>
        <line num="62" type="stmt" count="0"/>
        <line num="63" type="stmt" count="0"/>
        <line num="64" type="stmt" count="0"/>
        <line num="65" type="stmt" count="0"/>
        <line num="66" type="stmt" count="0"/>
        <line num="67" type="stmt" count="0"/>
        <line num="68" type="stmt" count="0"/>
        <line num="70" type="stmt" count="0"/>
        <line num="71" type="stmt" count="0"/>
        <line num="72" type="stmt" count="0"/>
        <line num="73" type="stmt" count="0"/>
        <line num="74" type="stmt" count="0"/>
        <line num="77" type="stmt" count="0"/>
        <line num="78" type="stmt" count="0"/>
        <line num="80" type="stmt" count="0"/>
        <line num="81" type="stmt" count="0"/>
        <line num="82" type="stmt" count="0"/>
        <line num="83" type="stmt" count="0"/>
        <line num="92" type="method" name="show" visibility="public" complexity="2" crap="6" count="0"/>
        <line num="94" type="stmt" count="0"/>
        <line num="96" type="stmt" count="0"/>
        <line num="97" type="stmt" count="0"/>
        <line num="99" type="stmt" count="0"/>
        <line num="100" type="stmt" count="0"/>
        <line num="101" type="stmt" count="0"/>
        <line num="102" type="stmt" count="0"/>
        <line num="103" type="stmt" count="0"/>
        <line num="106" type="stmt" count="0"/>
        <line num="107" type="stmt" count="0"/>
        <line num="108" type="stmt" count="0"/>
        <line num="109" type="stmt" count="0"/>
        <line num="110" type="stmt" count="0"/>
        <line num="120" type="method" name="update" visibility="public" complexity="3" crap="12" count="0"/>
        <line num="122" type="stmt" count="0"/>
        <line num="124" type="stmt" count="0"/>
        <line num="125" type="stmt" count="0"/>
        <line num="126" type="stmt" count="0"/>
        <line num="127" type="stmt" count="0"/>
        <line num="128" type="stmt" count="0"/>
        <line num="131" type="stmt" count="0"/>
        <line num="132" type="stmt" count="0"/>
        <line num="133" type="stmt" count="0"/>
        <line num="134" type="stmt" count="0"/>
        <line num="135" type="stmt" count="0"/>
        <line num="136" type="stmt" count="0"/>
        <line num="137" type="stmt" count="0"/>
        <line num="138" type="stmt" count="0"/>
        <line num="139" type="stmt" count="0"/>
        <line num="140" type="stmt" count="0"/>
        <line num="141" type="stmt" count="0"/>
        <line num="142" type="stmt" count="0"/>
        <line num="144" type="stmt" count="0"/>
        <line num="145" type="stmt" count="0"/>
        <line num="146" type="stmt" count="0"/>
        <line num="147" type="stmt" count="0"/>
        <line num="148" type="stmt" count="0"/>
        <line num="151" type="stmt" count="0"/>
        <line num="154" type="stmt" count="0"/>
        <line num="155" type="stmt" count="0"/>
        <line num="157" type="stmt" count="0"/>
        <line num="158" type="stmt" count="0"/>
        <line num="159" type="stmt" count="0"/>
        <line num="160" type="stmt" count="0"/>
        <line num="169" type="method" name="destroy" visibility="public" complexity="2" crap="6" count="0"/>
        <line num="171" type="stmt" count="0"/>
        <line num="173" type="stmt" count="0"/>
        <line num="174" type="stmt" count="0"/>
        <line num="175" type="stmt" count="0"/>
        <line num="176" type="stmt" count="0"/>
        <line num="177" type="stmt" count="0"/>
        <line num="180" type="stmt" count="0"/>
        <line num="183" type="stmt" count="0"/>
        <line num="184" type="stmt" count="0"/>
        <line num="186" type="stmt" count="0"/>
        <line num="187" type="stmt" count="0"/>
        <line num="188" type="stmt" count="0"/>
        <line num="189" type="stmt" count="0"/>
        <line num="195" type="method" name="trackCacheKey" visibility="private" complexity="2" crap="6" count="0"/>
        <line num="197" type="stmt" count="0"/>
        <line num="198" type="stmt" count="0"/>
        <line num="199" type="stmt" count="0"/>
        <line num="200" type="stmt" count="0"/>
        <line num="207" type="method" name="clearTenantsCache" visibility="private" complexity="2" crap="6" count="0"/>
        <line num="210" type="stmt" count="0"/>
        <line num="213" type="stmt" count="0"/>
        <line num="214" type="stmt" count="0"/>
        <line num="218" type="stmt" count="0"/>
        <metrics loc="221" ncloc="177" classes="1" methods="8" coveredmethods="0" conditionals="0" coveredconditionals="0" statements="99" coveredstatements="0" elements="107" coveredelements="0"/>
      </file>
    </package>
    <package name="App\Http\Controllers\Api\v1\Unit">
      <file name="/home/kov/projects/propertymaster/app/Http/Controllers/Api/v1/Unit/UnitController.php">
        <class name="App\Http\Controllers\Api\v1\Unit\UnitController" namespace="App\Http\Controllers\Api\v1\Unit">
          <metrics complexity="13" methods="8" coveredmethods="0" conditionals="0" coveredconditionals="0" statements="87" coveredstatements="0" elements="95" coveredelements="0"/>
        </class>
        <line num="16" type="method" name="__construct" visibility="public" complexity="1" crap="2" count="0"/>
        <line num="18" type="stmt" count="0"/>
        <line num="27" type="method" name="index" visibility="public" complexity="1" crap="2" count="0"/>
        <line num="29" type="stmt" count="0"/>
        <line num="30" type="stmt" count="0"/>
        <line num="32" type="stmt" count="0"/>
        <line num="33" type="stmt" count="0"/>
        <line num="34" type="stmt" count="0"/>
        <line num="35" type="stmt" count="0"/>
        <line num="44" type="method" name="store" visibility="public" complexity="2" crap="6" count="0"/>
        <line num="46" type="stmt" count="0"/>
        <line num="47" type="stmt" count="0"/>
        <line num="48" type="stmt" count="0"/>
        <line num="49" type="stmt" count="0"/>
        <line num="50" type="stmt" count="0"/>
        <line num="51" type="stmt" count="0"/>
        <line num="52" type="stmt" count="0"/>
        <line num="53" type="stmt" count="0"/>
        <line num="54" type="stmt" count="0"/>
        <line num="55" type="stmt" count="0"/>
        <line num="57" type="stmt" count="0"/>
        <line num="58" type="stmt" count="0"/>
        <line num="59" type="stmt" count="0"/>
        <line num="60" type="stmt" count="0"/>
        <line num="61" type="stmt" count="0"/>
        <line num="64" type="stmt" count="0"/>
        <line num="66" type="stmt" count="0"/>
        <line num="67" type="stmt" count="0"/>
        <line num="68" type="stmt" count="0"/>
        <line num="69" type="stmt" count="0"/>
        <line num="78" type="method" name="show" visibility="public" complexity="2" crap="6" count="0"/>
        <line num="80" type="stmt" count="0"/>
        <line num="82" type="stmt" count="0"/>
        <line num="83" type="stmt" count="0"/>
        <line num="84" type="stmt" count="0"/>
        <line num="85" type="stmt" count="0"/>
        <line num="86" type="stmt" count="0"/>
        <line num="89" type="stmt" count="0"/>
        <line num="90" type="stmt" count="0"/>
        <line num="91" type="stmt" count="0"/>
        <line num="92" type="stmt" count="0"/>
        <line num="102" type="method" name="update" visibility="public" complexity="3" crap="12" count="0"/>
        <line num="104" type="stmt" count="0"/>
        <line num="106" type="stmt" count="0"/>
        <line num="107" type="stmt" count="0"/>
        <line num="108" type="stmt" count="0"/>
        <line num="109" type="stmt" count="0"/>
        <line num="110" type="stmt" count="0"/>
        <line num="113" type="stmt" count="0"/>
        <line num="114" type="stmt" count="0"/>
        <line num="115" type="stmt" count="0"/>
        <line num="116" type="stmt" count="0"/>
        <line num="117" type="stmt" count="0"/>
        <line num="118" type="stmt" count="0"/>
        <line num="119" type="stmt" count="0"/>
        <line num="120" type="stmt" count="0"/>
        <line num="121" type="stmt" count="0"/>
        <line num="122" type="stmt" count="0"/>
        <line num="124" type="stmt" count="0"/>
        <line num="125" type="stmt" count="0"/>
        <line num="126" type="stmt" count="0"/>
        <line num="127" type="stmt" count="0"/>
        <line num="128" type="stmt" count="0"/>
        <line num="131" type="stmt" count="0"/>
        <line num="133" type="stmt" count="0"/>
        <line num="134" type="stmt" count="0"/>
        <line num="135" type="stmt" count="0"/>
        <line num="136" type="stmt" count="0"/>
        <line num="145" type="method" name="destroy" visibility="public" complexity="2" crap="6" count="0"/>
        <line num="147" type="stmt" count="0"/>
        <line num="149" type="stmt" count="0"/>
        <line num="150" type="stmt" count="0"/>
        <line num="151" type="stmt" count="0"/>
        <line num="152" type="stmt" count="0"/>
        <line num="153" type="stmt" count="0"/>
        <line num="156" type="stmt" count="0"/>
        <line num="158" type="stmt" count="0"/>
        <line num="159" type="stmt" count="0"/>
        <line num="160" type="stmt" count="0"/>
        <line num="161" type="stmt" count="0"/>
        <line num="171" type="method" name="getUnitsByProperty" visibility="public" complexity="1" crap="2" count="0"/>
        <line num="173" type="stmt" count="0"/>
        <line num="174" type="stmt" count="0"/>
        <line num="176" type="stmt" count="0"/>
        <line num="177" type="stmt" count="0"/>
        <line num="178" type="stmt" count="0"/>
        <line num="179" type="stmt" count="0"/>
        <line num="188" type="method" name="getVacantUnits" visibility="public" complexity="1" crap="2" count="0"/>
        <line num="190" type="stmt" count="0"/>
        <line num="191" type="stmt" count="0"/>
        <line num="193" type="stmt" count="0"/>
        <line num="195" type="stmt" count="0"/>
        <line num="196" type="stmt" count="0"/>
        <line num="197" type="stmt" count="0"/>
        <line num="198" type="stmt" count="0"/>
        <metrics loc="201" ncloc="157" classes="1" methods="8" coveredmethods="0" conditionals="0" coveredconditionals="0" statements="87" coveredstatements="0" elements="95" coveredelements="0"/>
      </file>
    </package>
    <package name="App\Http\Controllers\Api\v1\User">
      <file name="/home/kov/projects/propertymaster/app/Http/Controllers/Api/v1/User/UserController.php">
        <class name="App\Http\Controllers\Api\v1\User\UserController" namespace="App\Http\Controllers\Api\v1\User">
          <metrics complexity="37" methods="9" coveredmethods="0" conditionals="0" coveredconditionals="0" statements="173" coveredstatements="0" elements="182" coveredelements="0"/>
        </class>
        <line num="21" type="method" name="__construct" visibility="public" complexity="1" crap="2" count="0"/>
        <line num="23" type="stmt" count="0"/>
        <line num="33" type="method" name="index" visibility="public" complexity="2" crap="6" count="0"/>
        <line num="36" type="stmt" count="0"/>
        <line num="37" type="stmt" count="0"/>
        <line num="38" type="stmt" count="0"/>
        <line num="39" type="stmt" count="0"/>
        <line num="42" type="stmt" count="0"/>
        <line num="43" type="stmt" count="0"/>
        <line num="44" type="stmt" count="0"/>
        <line num="45" type="stmt" count="0"/>
        <line num="46" type="stmt" count="0"/>
        <line num="47" type="stmt" count="0"/>
        <line num="48" type="stmt" count="0"/>
        <line num="50" type="stmt" count="0"/>
        <line num="52" type="stmt" count="0"/>
        <line num="61" type="method" name="all" visibility="public" complexity="2" crap="6" count="0"/>
        <line num="64" type="stmt" count="0"/>
        <line num="65" type="stmt" count="0"/>
        <line num="66" type="stmt" count="0"/>
        <line num="67" type="stmt" count="0"/>
        <line num="70" type="stmt" count="0"/>
        <line num="71" type="stmt" count="0"/>
        <line num="72" type="stmt" count="0"/>
        <line num="73" type="stmt" count="0"/>
        <line num="74" type="stmt" count="0"/>
        <line num="75" type="stmt" count="0"/>
        <line num="77" type="stmt" count="0"/>
        <line num="79" type="stmt" count="0"/>
        <line num="89" type="method" name="show" visibility="public" complexity="4" crap="20" count="0"/>
        <line num="92" type="stmt" count="0"/>
        <line num="93" type="stmt" count="0"/>
        <line num="94" type="stmt" count="0"/>
        <line num="95" type="stmt" count="0"/>
        <line num="98" type="stmt" count="0"/>
        <line num="100" type="stmt" count="0"/>
        <line num="101" type="stmt" count="0"/>
        <line num="102" type="stmt" count="0"/>
        <line num="103" type="stmt" count="0"/>
        <line num="106" type="stmt" count="0"/>
        <line num="115" type="method" name="store" visibility="public" complexity="4" crap="20" count="0"/>
        <line num="118" type="stmt" count="0"/>
        <line num="119" type="stmt" count="0"/>
        <line num="120" type="stmt" count="0"/>
        <line num="121" type="stmt" count="0"/>
        <line num="124" type="stmt" count="0"/>
        <line num="125" type="stmt" count="0"/>
        <line num="126" type="stmt" count="0"/>
        <line num="127" type="stmt" count="0"/>
        <line num="128" type="stmt" count="0"/>
        <line num="129" type="stmt" count="0"/>
        <line num="130" type="stmt" count="0"/>
        <line num="131" type="stmt" count="0"/>
        <line num="132" type="stmt" count="0"/>
        <line num="133" type="stmt" count="0"/>
        <line num="135" type="stmt" count="0"/>
        <line num="136" type="stmt" count="0"/>
        <line num="137" type="stmt" count="0"/>
        <line num="138" type="stmt" count="0"/>
        <line num="139" type="stmt" count="0"/>
        <line num="143" type="stmt" count="0"/>
        <line num="145" type="stmt" count="0"/>
        <line num="146" type="stmt" count="0"/>
        <line num="147" type="stmt" count="0"/>
        <line num="148" type="stmt" count="0"/>
        <line num="149" type="stmt" count="0"/>
        <line num="150" type="stmt" count="0"/>
        <line num="151" type="stmt" count="0"/>
        <line num="152" type="stmt" count="0"/>
        <line num="153" type="stmt" count="0"/>
        <line num="164" type="method" name="update" visibility="public" complexity="10" crap="110" count="0"/>
        <line num="168" type="stmt" count="0"/>
        <line num="170" type="stmt" count="0"/>
        <line num="171" type="stmt" count="0"/>
        <line num="172" type="stmt" count="0"/>
        <line num="173" type="stmt" count="0"/>
        <line num="176" type="stmt" count="0"/>
        <line num="178" type="stmt" count="0"/>
        <line num="179" type="stmt" count="0"/>
        <line num="180" type="stmt" count="0"/>
        <line num="181" type="stmt" count="0"/>
        <line num="182" type="stmt" count="0"/>
        <line num="186" type="stmt" count="0"/>
        <line num="187" type="stmt" count="0"/>
        <line num="188" type="stmt" count="0"/>
        <line num="189" type="stmt" count="0"/>
        <line num="193" type="stmt" count="0"/>
        <line num="194" type="stmt" count="0"/>
        <line num="195" type="stmt" count="0"/>
        <line num="196" type="stmt" count="0"/>
        <line num="197" type="stmt" count="0"/>
        <line num="198" type="stmt" count="0"/>
        <line num="199" type="stmt" count="0"/>
        <line num="200" type="stmt" count="0"/>
        <line num="201" type="stmt" count="0"/>
        <line num="202" type="stmt" count="0"/>
        <line num="205" type="stmt" count="0"/>
        <line num="206" type="stmt" count="0"/>
        <line num="207" type="stmt" count="0"/>
        <line num="208" type="stmt" count="0"/>
        <line num="209" type="stmt" count="0"/>
        <line num="210" type="stmt" count="0"/>
        <line num="213" type="stmt" count="0"/>
        <line num="215" type="stmt" count="0"/>
        <line num="216" type="stmt" count="0"/>
        <line num="217" type="stmt" count="0"/>
        <line num="218" type="stmt" count="0"/>
        <line num="219" type="stmt" count="0"/>
        <line num="223" type="stmt" count="0"/>
        <line num="225" type="stmt" count="0"/>
        <line num="226" type="stmt" count="0"/>
        <line num="227" type="stmt" count="0"/>
        <line num="228" type="stmt" count="0"/>
        <line num="229" type="stmt" count="0"/>
        <line num="230" type="stmt" count="0"/>
        <line num="231" type="stmt" count="0"/>
        <line num="232" type="stmt" count="0"/>
        <line num="233" type="stmt" count="0"/>
        <line num="244" type="method" name="destroy" visibility="public" complexity="5" crap="30" count="0"/>
        <line num="247" type="stmt" count="0"/>
        <line num="248" type="stmt" count="0"/>
        <line num="249" type="stmt" count="0"/>
        <line num="250" type="stmt" count="0"/>
        <line num="254" type="stmt" count="0"/>
        <line num="255" type="stmt" count="0"/>
        <line num="256" type="stmt" count="0"/>
        <line num="257" type="stmt" count="0"/>
        <line num="261" type="stmt" count="0"/>
        <line num="263" type="stmt" count="0"/>
        <line num="264" type="stmt" count="0"/>
        <line num="265" type="stmt" count="0"/>
        <line num="266" type="stmt" count="0"/>
        <line num="269" type="stmt" count="0"/>
        <line num="270" type="stmt" count="0"/>
        <line num="271" type="stmt" count="0"/>
        <line num="272" type="stmt" count="0"/>
        <line num="273" type="stmt" count="0"/>
        <line num="274" type="stmt" count="0"/>
        <line num="275" type="stmt" count="0"/>
        <line num="276" type="stmt" count="0"/>
        <line num="287" type="method" name="changePassword" visibility="public" complexity="6" crap="42" count="0"/>
        <line num="290" type="stmt" count="0"/>
        <line num="291" type="stmt" count="0"/>
        <line num="292" type="stmt" count="0"/>
        <line num="293" type="stmt" count="0"/>
        <line num="296" type="stmt" count="0"/>
        <line num="297" type="stmt" count="0"/>
        <line num="298" type="stmt" count="0"/>
        <line num="299" type="stmt" count="0"/>
        <line num="301" type="stmt" count="0"/>
        <line num="302" type="stmt" count="0"/>
        <line num="303" type="stmt" count="0"/>
        <line num="304" type="stmt" count="0"/>
        <line num="305" type="stmt" count="0"/>
        <line num="309" type="stmt" count="0"/>
        <line num="310" type="stmt" count="0"/>
        <line num="311" type="stmt" count="0"/>
        <line num="312" type="stmt" count="0"/>
        <line num="313" type="stmt" count="0"/>
        <line num="315" type="stmt" count="0"/>
        <line num="316" type="stmt" count="0"/>
        <line num="317" type="stmt" count="0"/>
        <line num="318" type="stmt" count="0"/>
        <line num="321" type="stmt" count="0"/>
        <line num="322" type="stmt" count="0"/>
        <line num="323" type="stmt" count="0"/>
        <line num="324" type="stmt" count="0"/>
        <line num="325" type="stmt" count="0"/>
        <line num="326" type="stmt" count="0"/>
        <line num="327" type="stmt" count="0"/>
        <line num="328" type="stmt" count="0"/>
        <line num="339" type="method" name="getByRole" visibility="public" complexity="3" crap="12" count="0"/>
        <line num="342" type="stmt" count="0"/>
        <line num="343" type="stmt" count="0"/>
        <line num="344" type="stmt" count="0"/>
        <line num="345" type="stmt" count="0"/>
        <line num="349" type="stmt" count="0"/>
        <line num="350" type="stmt" count="0"/>
        <line num="351" type="stmt" count="0"/>
        <line num="352" type="stmt" count="0"/>
        <line num="355" type="stmt" count="0"/>
        <line num="357" type="stmt" count="0"/>
        <metrics loc="360" ncloc="288" classes="1" methods="9" coveredmethods="0" conditionals="0" coveredconditionals="0" statements="173" coveredstatements="0" elements="182" coveredelements="0"/>
      </file>
    </package>
    <package name="App\Http\Controllers">
      <file name="/home/kov/projects/propertymaster/app/Http/Controllers/Controller.php">
        <class name="App\Http\Controllers\Controller" namespace="App\Http\Controllers">
          <metrics complexity="0" methods="0" coveredmethods="0" conditionals="0" coveredconditionals="0" statements="0" coveredstatements="0" elements="0" coveredelements="0"/>
        </class>
        <metrics loc="9" ncloc="8" classes="0" methods="0" coveredmethods="0" conditionals="0" coveredconditionals="0" statements="0" coveredstatements="0" elements="0" coveredelements="0"/>
      </file>
    </package>
    <package name="App\Http\Middleware">
      <file name="/home/kov/projects/propertymaster/app/Http/Middleware/AdminMiddleware.php">
        <class name="App\Http\Middleware\AdminMiddleware" namespace="App\Http\Middleware">
          <metrics complexity="3" methods="1" coveredmethods="0" conditionals="0" coveredconditionals="0" statements="12" coveredstatements="0" elements="13" coveredelements="0"/>
        </class>
        <line num="17" type="method" name="handle" visibility="public" complexity="3" crap="12" count="0"/>
        <line num="20" type="stmt" count="0"/>
        <line num="21" type="stmt" count="0"/>
        <line num="22" type="stmt" count="0"/>
        <line num="23" type="stmt" count="0"/>
        <line num="24" type="stmt" count="0"/>
        <line num="27" type="stmt" count="0"/>
        <line num="32" type="stmt" count="0"/>
        <line num="33" type="stmt" count="0"/>
        <line num="34" type="stmt" count="0"/>
        <line num="35" type="stmt" count="0"/>
        <line num="36" type="stmt" count="0"/>
        <line num="39" type="stmt" count="0"/>
        <metrics loc="42" ncloc="33" classes="1" methods="1" coveredmethods="0" conditionals="0" coveredconditionals="0" statements="12" coveredstatements="0" elements="13" coveredelements="0"/>
      </file>
      <file name="/home/kov/projects/propertymaster/app/Http/Middleware/RoleMiddleware.php">
        <class name="App\Http\Middleware\RoleMiddleware" namespace="App\Http\Middleware">
          <metrics complexity="3" methods="1" coveredmethods="0" conditionals="0" coveredconditionals="0" statements="5" coveredstatements="0" elements="6" coveredelements="0"/>
        </class>
        <line num="17" type="method" name="handle" visibility="public" complexity="3" crap="12" count="0"/>
        <line num="19" type="stmt" count="0"/>
        <line num="20" type="stmt" count="0"/>
        <line num="23" type="stmt" count="0"/>
        <line num="26" type="stmt" count="0"/>
        <line num="34" type="stmt" count="0"/>
        <metrics loc="37" ncloc="26" classes="1" methods="1" coveredmethods="0" conditionals="0" coveredconditionals="0" statements="5" coveredstatements="0" elements="6" coveredelements="0"/>
      </file>
    </package>
    <package name="App\Jobs">
      <file name="/home/kov/projects/propertymaster/app/Jobs/SendPaymentReceipt.php">
        <class name="App\Jobs\SendPaymentReceipt" namespace="App\Jobs">
          <metrics complexity="3" methods="2" coveredmethods="0" conditionals="0" coveredconditionals="0" statements="20" coveredstatements="0" elements="22" coveredelements="0"/>
        </class>
        <line num="27" type="method" name="__construct" visibility="public" complexity="1" crap="2" count="0"/>
        <line num="29" type="stmt" count="0"/>
        <line num="30" type="stmt" count="0"/>
        <line num="31" type="stmt" count="0"/>
        <line num="32" type="stmt" count="0"/>
        <line num="33" type="stmt" count="0"/>
        <line num="39" type="method" name="handle" visibility="public" complexity="2" crap="6" count="0"/>
        <line num="42" type="stmt" count="0"/>
        <line num="43" type="stmt" count="0"/>
        <line num="44" type="stmt" count="0"/>
        <line num="45" type="stmt" count="0"/>
        <line num="46" type="stmt" count="0"/>
        <line num="47" type="stmt" count="0"/>
        <line num="48" type="stmt" count="0"/>
        <line num="49" type="stmt" count="0"/>
        <line num="53" type="stmt" count="0"/>
        <line num="54" type="stmt" count="0"/>
        <line num="55" type="stmt" count="0"/>
        <line num="56" type="stmt" count="0"/>
        <line num="57" type="stmt" count="0"/>
        <line num="58" type="stmt" count="0"/>
        <line num="59" type="stmt" count="0"/>
        <metrics loc="62" ncloc="54" classes="1" methods="2" coveredmethods="0" conditionals="0" coveredconditionals="0" statements="20" coveredstatements="0" elements="22" coveredelements="0"/>
      </file>
      <file name="/home/kov/projects/propertymaster/app/Jobs/SendRentReminderJob.php">
        <class name="App\Jobs\SendRentReminderJob" namespace="App\Jobs">
          <metrics complexity="6" methods="2" coveredmethods="0" conditionals="0" coveredconditionals="0" statements="24" coveredstatements="0" elements="26" coveredelements="0"/>
        </class>
        <line num="30" type="method" name="__construct" visibility="public" complexity="1" crap="2" count="0"/>
        <line num="32" type="stmt" count="0"/>
        <line num="33" type="stmt" count="0"/>
        <line num="41" type="method" name="handle" visibility="public" complexity="5" crap="30" count="0"/>
        <line num="45" type="stmt" count="0"/>
        <line num="47" type="stmt" count="0"/>
        <line num="48" type="stmt" count="0"/>
        <line num="49" type="stmt" count="0"/>
        <line num="50" type="stmt" count="0"/>
        <line num="51" type="stmt" count="0"/>
        <line num="52" type="stmt" count="0"/>
        <line num="56" type="stmt" count="0"/>
        <line num="58" type="stmt" count="0"/>
        <line num="59" type="stmt" count="0"/>
        <line num="60" type="stmt" count="0"/>
        <line num="61" type="stmt" count="0"/>
        <line num="62" type="stmt" count="0"/>
        <line num="63" type="stmt" count="0"/>
        <line num="64" type="stmt" count="0"/>
        <line num="65" type="stmt" count="0"/>
        <line num="66" type="stmt" count="0"/>
        <line num="67" type="stmt" count="0"/>
        <line num="68" type="stmt" count="0"/>
        <line num="69" type="stmt" count="0"/>
        <line num="72" type="stmt" count="0"/>
        <line num="74" type="stmt" count="0"/>
        <metrics loc="79" ncloc="62" classes="1" methods="2" coveredmethods="0" conditionals="0" coveredconditionals="0" statements="24" coveredstatements="0" elements="26" coveredelements="0"/>
      </file>
    </package>
    <package name="App\Mail">
      <file name="/home/kov/projects/propertymaster/app/Mail/PasswordResetMail.php">
        <class name="App\Mail\PasswordResetMail" namespace="App\Mail">
          <metrics complexity="4" methods="4" coveredmethods="0" conditionals="0" coveredconditionals="0" statements="8" coveredstatements="0" elements="12" coveredelements="0"/>
        </class>
        <line num="22" type="method" name="__construct" visibility="public" complexity="1" crap="2" count="0"/>
        <line num="24" type="stmt" count="0"/>
        <line num="30" type="method" name="envelope" visibility="public" complexity="1" crap="2" count="0"/>
        <line num="32" type="stmt" count="0"/>
        <line num="33" type="stmt" count="0"/>
        <line num="34" type="stmt" count="0"/>
        <line num="40" type="method" name="content" visibility="public" complexity="1" crap="2" count="0"/>
        <line num="42" type="stmt" count="0"/>
        <line num="43" type="stmt" count="0"/>
        <line num="44" type="stmt" count="0"/>
        <line num="52" type="method" name="attachments" visibility="public" complexity="1" crap="2" count="0"/>
        <line num="54" type="stmt" count="0"/>
        <metrics loc="57" ncloc="41" classes="1" methods="4" coveredmethods="0" conditionals="0" coveredconditionals="0" statements="8" coveredstatements="0" elements="12" coveredelements="0"/>
      </file>
      <file name="/home/kov/projects/propertymaster/app/Mail/PaymentReceipt.php">
        <class name="App\Mail\PaymentReceipt" namespace="App\Mail">
          <metrics complexity="4" methods="4" coveredmethods="0" conditionals="0" coveredconditionals="0" statements="11" coveredstatements="0" elements="15" coveredelements="0"/>
        </class>
        <line num="23" type="method" name="__construct" visibility="public" complexity="1" crap="2" count="0"/>
        <line num="25" type="stmt" count="0"/>
        <line num="26" type="stmt" count="0"/>
        <line num="27" type="stmt" count="0"/>
        <line num="28" type="stmt" count="0"/>
        <line num="34" type="method" name="envelope" visibility="public" complexity="1" crap="2" count="0"/>
        <line num="36" type="stmt" count="0"/>
        <line num="37" type="stmt" count="0"/>
        <line num="38" type="stmt" count="0"/>
        <line num="44" type="method" name="content" visibility="public" complexity="1" crap="2" count="0"/>
        <line num="46" type="stmt" count="0"/>
        <line num="47" type="stmt" count="0"/>
        <line num="48" type="stmt" count="0"/>
        <line num="56" type="method" name="attachments" visibility="public" complexity="1" crap="2" count="0"/>
        <line num="58" type="stmt" count="0"/>
        <metrics loc="61" ncloc="47" classes="1" methods="4" coveredmethods="0" conditionals="0" coveredconditionals="0" statements="11" coveredstatements="0" elements="15" coveredelements="0"/>
      </file>
      <file name="/home/kov/projects/propertymaster/app/Mail/RentReminderMail.php">
        <class name="App\Mail\RentReminderMail" namespace="App\Mail">
          <metrics complexity="2" methods="2" coveredmethods="0" conditionals="0" coveredconditionals="0" statements="11" coveredstatements="0" elements="13" coveredelements="0"/>
        </class>
        <line num="27" type="method" name="__construct" visibility="public" complexity="1" crap="2" count="0"/>
        <line num="29" type="stmt" count="0"/>
        <line num="30" type="stmt" count="0"/>
        <line num="38" type="method" name="build" visibility="public" complexity="1" crap="2" count="0"/>
        <line num="40" type="stmt" count="0"/>
        <line num="41" type="stmt" count="0"/>
        <line num="43" type="stmt" count="0"/>
        <line num="44" type="stmt" count="0"/>
        <line num="45" type="stmt" count="0"/>
        <line num="46" type="stmt" count="0"/>
        <line num="47" type="stmt" count="0"/>
        <line num="48" type="stmt" count="0"/>
        <line num="49" type="stmt" count="0"/>
        <metrics loc="52" ncloc="40" classes="1" methods="2" coveredmethods="0" conditionals="0" coveredconditionals="0" statements="11" coveredstatements="0" elements="13" coveredelements="0"/>
      </file>
    </package>
    <package name="App\Providers">
      <file name="/home/kov/projects/propertymaster/app/Providers/AppServiceProvider.php">
        <class name="App\Providers\AppServiceProvider" namespace="App\Providers">
          <metrics complexity="3" methods="2" coveredmethods="0" conditionals="0" coveredconditionals="0" statements="41" coveredstatements="16" elements="43" coveredelements="16"/>
        </class>
        <line num="21" type="method" name="register" visibility="public" complexity="1" crap="1.20" count="13"/>
        <line num="24" type="stmt" count="13"/>
        <line num="25" type="stmt" count="0"/>
        <line num="26" type="stmt" count="0"/>
        <line num="27" type="stmt" count="0"/>
        <line num="28" type="stmt" count="13"/>
        <line num="30" type="stmt" count="13"/>
        <line num="31" type="stmt" count="0"/>
        <line num="32" type="stmt" count="0"/>
        <line num="33" type="stmt" count="0"/>
        <line num="34" type="stmt" count="13"/>
        <line num="36" type="stmt" count="13"/>
        <line num="37" type="stmt" count="0"/>
        <line num="38" type="stmt" count="0"/>
        <line num="39" type="stmt" count="0"/>
        <line num="40" type="stmt" count="13"/>
        <line num="42" type="stmt" count="13"/>
        <line num="43" type="stmt" count="0"/>
        <line num="44" type="stmt" count="0"/>
        <line num="45" type="stmt" count="0"/>
        <line num="46" type="stmt" count="0"/>
        <line num="47" type="stmt" count="13"/>
        <line num="49" type="stmt" count="13"/>
        <line num="50" type="stmt" count="0"/>
        <line num="51" type="stmt" count="0"/>
        <line num="52" type="stmt" count="0"/>
        <line num="53" type="stmt" count="0"/>
        <line num="54" type="stmt" count="0"/>
        <line num="55" type="stmt" count="0"/>
        <line num="56" type="stmt" count="0"/>
        <line num="57" type="stmt" count="13"/>
        <line num="58" type="stmt" count="13"/>
        <line num="59" type="stmt" count="13"/>
        <line num="60" type="stmt" count="13"/>
        <line num="61" type="stmt" count="13"/>
        <line num="68" type="method" name="boot" visibility="public" complexity="2" crap="3.46" count="13"/>
        <line num="71" type="stmt" count="13"/>
        <line num="72" type="stmt" count="0"/>
        <line num="75" type="stmt" count="0"/>
        <line num="77" type="stmt" count="0"/>
        <line num="78" type="stmt" count="0"/>
        <line num="82" type="stmt" count="0"/>
        <line num="83" type="stmt" count="13"/>
        <metrics loc="86" ncloc="76" classes="1" methods="2" coveredmethods="0" conditionals="0" coveredconditionals="0" statements="41" coveredstatements="16" elements="43" coveredelements="16"/>
      </file>
      <file name="/home/kov/projects/propertymaster/app/Providers/CacheServiceProvider.php">
        <class name="App\Providers\CacheServiceProvider" namespace="App\Providers">
          <metrics complexity="6" methods="4" coveredmethods="1" conditionals="0" coveredconditionals="0" statements="31" coveredstatements="13" elements="35" coveredelements="14"/>
        </class>
        <line num="16" type="method" name="register" visibility="public" complexity="1" crap="1" count="13"/>
        <line num="19" type="stmt" count="13"/>
        <line num="24" type="method" name="boot" visibility="public" complexity="1" crap="1.09" count="13"/>
        <line num="27" type="stmt" count="13"/>
        <line num="28" type="stmt" count="0"/>
        <line num="29" type="stmt" count="13"/>
        <line num="31" type="stmt" count="13"/>
        <line num="32" type="stmt" count="0"/>
        <line num="33" type="stmt" count="0"/>
        <line num="34" type="stmt" count="13"/>
        <line num="36" type="stmt" count="13"/>
        <line num="37" type="stmt" count="0"/>
        <line num="38" type="stmt" count="0"/>
        <line num="39" type="stmt" count="13"/>
        <line num="42" type="stmt" count="13"/>
        <line num="43" type="stmt" count="0"/>
        <line num="44" type="stmt" count="13"/>
        <line num="46" type="stmt" count="13"/>
        <line num="47" type="stmt" count="0"/>
        <line num="48" type="stmt" count="0"/>
        <line num="49" type="stmt" count="13"/>
        <line num="51" type="stmt" count="13"/>
        <line num="52" type="stmt" count="0"/>
        <line num="53" type="stmt" count="0"/>
        <line num="54" type="stmt" count="13"/>
        <line num="60" type="method" name="clearPropertyCache" visibility="private" complexity="2" crap="6" count="0"/>
        <line num="62" type="stmt" count="0"/>
        <line num="64" type="stmt" count="0"/>
        <line num="65" type="stmt" count="0"/>
        <line num="68" type="stmt" count="0"/>
        <line num="74" type="method" name="clearTenantCache" visibility="private" complexity="2" crap="6" count="0"/>
        <line num="76" type="stmt" count="0"/>
        <line num="78" type="stmt" count="0"/>
        <line num="79" type="stmt" count="0"/>
        <line num="82" type="stmt" count="0"/>
        <metrics loc="85" ncloc="71" classes="1" methods="4" coveredmethods="1" conditionals="0" coveredconditionals="0" statements="31" coveredstatements="13" elements="35" coveredelements="14"/>
      </file>
      <file name="/home/kov/projects/propertymaster/app/Providers/RepositoryServiceProvider.php">
        <class name="App\Providers\RepositoryServiceProvider" namespace="App\Providers">
          <metrics complexity="2" methods="2" coveredmethods="2" conditionals="0" coveredconditionals="0" statements="21" coveredstatements="21" elements="23" coveredelements="23"/>
        </class>
        <line num="12" type="method" name="register" visibility="public" complexity="1" crap="1" count="13"/>
        <line num="15" type="stmt" count="13"/>
        <line num="16" type="stmt" count="13"/>
        <line num="17" type="stmt" count="13"/>
        <line num="18" type="stmt" count="13"/>
        <line num="20" type="stmt" count="13"/>
        <line num="21" type="stmt" count="13"/>
        <line num="22" type="stmt" count="13"/>
        <line num="23" type="stmt" count="13"/>
        <line num="25" type="stmt" count="13"/>
        <line num="26" type="stmt" count="13"/>
        <line num="27" type="stmt" count="13"/>
        <line num="28" type="stmt" count="13"/>
        <line num="30" type="stmt" count="13"/>
        <line num="31" type="stmt" count="13"/>
        <line num="32" type="stmt" count="13"/>
        <line num="33" type="stmt" count="13"/>
        <line num="35" type="stmt" count="13"/>
        <line num="36" type="stmt" count="13"/>
        <line num="37" type="stmt" count="13"/>
        <line num="38" type="stmt" count="13"/>
        <line num="44" type="method" name="boot" visibility="public" complexity="1" crap="1" count="13"/>
        <line num="47" type="stmt" count="13"/>
        <metrics loc="49" ncloc="41" classes="1" methods="2" coveredmethods="2" conditionals="0" coveredconditionals="0" statements="21" coveredstatements="21" elements="23" coveredelements="23"/>
      </file>
      <file name="/home/kov/projects/propertymaster/app/Providers/RouteServiceProvider.php">
        <class name="App\Providers\RouteServiceProvider" namespace="App\Providers">
          <metrics complexity="3" methods="2" coveredmethods="1" conditionals="0" coveredconditionals="0" statements="4" coveredstatements="3" elements="6" coveredelements="4"/>
        </class>
        <line num="14" type="method" name="register" visibility="public" complexity="1" crap="1" count="13"/>
        <line num="17" type="stmt" count="13"/>
        <line num="22" type="method" name="boot" visibility="public" complexity="2" crap="2.15" count="13"/>
        <line num="25" type="stmt" count="13"/>
        <line num="26" type="stmt" count="0"/>
        <line num="27" type="stmt" count="13"/>
        <metrics loc="30" ncloc="23" classes="1" methods="2" coveredmethods="1" conditionals="0" coveredconditionals="0" statements="4" coveredstatements="3" elements="6" coveredelements="4"/>
      </file>
    </package>
    <package name="App\Repositories">
      <file name="/home/kov/projects/propertymaster/app/Repositories/AuthRepository.php">
        <class name="App\Repositories\AuthRepository" namespace="App\Repositories">
          <metrics complexity="7" methods="4" coveredmethods="0" conditionals="0" coveredconditionals="0" statements="27" coveredstatements="0" elements="31" coveredelements="0"/>
        </class>
        <line num="20" type="method" name="register" visibility="public" complexity="1" crap="2" count="0"/>
        <line num="22" type="stmt" count="0"/>
        <line num="24" type="stmt" count="0"/>
        <line num="33" type="method" name="findUserByEmail" visibility="public" complexity="1" crap="2" count="0"/>
        <line num="35" type="stmt" count="0"/>
        <line num="44" type="method" name="createPasswordResetToken" visibility="public" complexity="1" crap="2" count="0"/>
        <line num="46" type="stmt" count="0"/>
        <line num="49" type="stmt" count="0"/>
        <line num="52" type="stmt" count="0"/>
        <line num="53" type="stmt" count="0"/>
        <line num="54" type="stmt" count="0"/>
        <line num="55" type="stmt" count="0"/>
        <line num="56" type="stmt" count="0"/>
        <line num="58" type="stmt" count="0"/>
        <line num="69" type="method" name="resetPassword" visibility="public" complexity="4" crap="20" count="0"/>
        <line num="72" type="stmt" count="0"/>
        <line num="73" type="stmt" count="0"/>
        <line num="74" type="stmt" count="0"/>
        <line num="75" type="stmt" count="0"/>
        <line num="77" type="stmt" count="0"/>
        <line num="78" type="stmt" count="0"/>
        <line num="82" type="stmt" count="0"/>
        <line num="83" type="stmt" count="0"/>
        <line num="84" type="stmt" count="0"/>
        <line num="88" type="stmt" count="0"/>
        <line num="89" type="stmt" count="0"/>
        <line num="90" type="stmt" count="0"/>
        <line num="93" type="stmt" count="0"/>
        <line num="94" type="stmt" count="0"/>
        <line num="97" type="stmt" count="0"/>
        <line num="99" type="stmt" count="0"/>
        <metrics loc="102" ncloc="70" classes="1" methods="4" coveredmethods="0" conditionals="0" coveredconditionals="0" statements="27" coveredstatements="0" elements="31" coveredelements="0"/>
      </file>
      <file name="/home/kov/projects/propertymaster/app/Repositories/LeaseRepository.php">
        <class name="App\Repositories\LeaseRepository" namespace="App\Repositories">
          <metrics complexity="10" methods="10" coveredmethods="0" conditionals="0" coveredconditionals="0" statements="16" coveredstatements="0" elements="26" coveredelements="0"/>
        </class>
        <line num="12" type="method" name="__construct" visibility="public" complexity="1" crap="2" count="0"/>
        <line num="14" type="stmt" count="0"/>
        <line num="17" type="method" name="getAllLeases" visibility="public" complexity="1" crap="2" count="0"/>
        <line num="19" type="stmt" count="0"/>
        <line num="22" type="method" name="getLeaseById" visibility="public" complexity="1" crap="2" count="0"/>
        <line num="24" type="stmt" count="0"/>
        <line num="27" type="method" name="createLease" visibility="public" complexity="1" crap="2" count="0"/>
        <line num="29" type="stmt" count="0"/>
        <line num="32" type="method" name="updateLease" visibility="public" complexity="1" crap="2" count="0"/>
        <line num="34" type="stmt" count="0"/>
        <line num="35" type="stmt" count="0"/>
        <line num="36" type="stmt" count="0"/>
        <line num="39" type="method" name="deleteLease" visibility="public" complexity="1" crap="2" count="0"/>
        <line num="41" type="stmt" count="0"/>
        <line num="44" type="method" name="getLeasesByUnit" visibility="public" complexity="1" crap="2" count="0"/>
        <line num="46" type="stmt" count="0"/>
        <line num="49" type="method" name="getLeasesByTenant" visibility="public" complexity="1" crap="2" count="0"/>
        <line num="51" type="stmt" count="0"/>
        <line num="54" type="method" name="getActiveLeases" visibility="public" complexity="1" crap="2" count="0"/>
        <line num="56" type="stmt" count="0"/>
        <line num="59" type="method" name="getExpiringLeases" visibility="public" complexity="1" crap="2" count="0"/>
        <line num="61" type="stmt" count="0"/>
        <line num="62" type="stmt" count="0"/>
        <line num="63" type="stmt" count="0"/>
        <line num="64" type="stmt" count="0"/>
        <line num="65" type="stmt" count="0"/>
        <metrics loc="68" ncloc="68" classes="1" methods="10" coveredmethods="0" conditionals="0" coveredconditionals="0" statements="16" coveredstatements="0" elements="26" coveredelements="0"/>
      </file>
      <file name="/home/kov/projects/propertymaster/app/Repositories/PaymentRepository.php">
        <class name="App\Repositories\PaymentRepository" namespace="App\Repositories">
          <metrics complexity="9" methods="9" coveredmethods="0" conditionals="0" coveredconditionals="0" statements="11" coveredstatements="0" elements="20" coveredelements="0"/>
        </class>
        <line num="12" type="method" name="__construct" visibility="public" complexity="1" crap="2" count="0"/>
        <line num="14" type="stmt" count="0"/>
        <line num="17" type="method" name="getAllPayments" visibility="public" complexity="1" crap="2" count="0"/>
        <line num="19" type="stmt" count="0"/>
        <line num="22" type="method" name="getPaymentById" visibility="public" complexity="1" crap="2" count="0"/>
        <line num="24" type="stmt" count="0"/>
        <line num="27" type="method" name="createPayment" visibility="public" complexity="1" crap="2" count="0"/>
        <line num="29" type="stmt" count="0"/>
        <line num="32" type="method" name="updatePayment" visibility="public" complexity="1" crap="2" count="0"/>
[...]
        <line num="92" type="stmt" count="0"/>
        <line num="94" type="stmt" count="0"/>
        <line num="103" type="method" name="forgotPassword" visibility="public" complexity="2" crap="6" count="0"/>
        <line num="105" type="stmt" count="0"/>
        <line num="107" type="stmt" count="0"/>
        <line num="108" type="stmt" count="0"/>
        <line num="111" type="stmt" count="0"/>
        <line num="114" type="stmt" count="0"/>
        <line num="116" type="stmt" count="0"/>
        <line num="118" type="stmt" count="0"/>
        <line num="127" type="method" name="resetPassword" visibility="public" complexity="1" crap="2" count="0"/>
        <line num="129" type="stmt" count="0"/>
        <line num="130" type="stmt" count="0"/>
        <line num="131" type="stmt" count="0"/>
        <line num="132" type="stmt" count="0"/>
        <line num="133" type="stmt" count="0"/>
        <metrics loc="136" ncloc="94" classes="1" methods="6" coveredmethods="0" conditionals="0" coveredconditionals="0" statements="35" coveredstatements="0" elements="41" coveredelements="0"/>
      </file>
      <file name="/home/kov/projects/propertymaster/app/Services/LeaseService.php">
        <class name="App\Services\LeaseService" namespace="App\Services">
          <metrics complexity="14" methods="12" coveredmethods="0" conditionals="0" coveredconditionals="0" statements="26" coveredstatements="0" elements="38" coveredelements="0"/>
        </class>
        <line num="12" type="method" name="__construct" visibility="public" complexity="1" crap="2" count="0"/>
        <line num="16" type="stmt" count="0"/>
        <line num="17" type="stmt" count="0"/>
        <line num="20" type="method" name="getAllLeases" visibility="public" complexity="1" crap="2" count="0"/>
        <line num="22" type="stmt" count="0"/>
        <line num="25" type="method" name="getLeaseById" visibility="public" complexity="1" crap="2" count="0"/>
        <line num="27" type="stmt" count="0"/>
        <line num="30" type="method" name="createLease" visibility="public" complexity="2" crap="6" count="0"/>
        <line num="33" type="stmt" count="0"/>
        <line num="36" type="stmt" count="0"/>
        <line num="37" type="stmt" count="0"/>
        <line num="40" type="stmt" count="0"/>
        <line num="43" type="method" name="updateLease" visibility="public" complexity="1" crap="2" count="0"/>
        <line num="45" type="stmt" count="0"/>
        <line num="48" type="method" name="deleteLease" visibility="public" complexity="1" crap="2" count="0"/>
        <line num="50" type="stmt" count="0"/>
        <line num="53" type="method" name="getLeasesByUnit" visibility="public" complexity="1" crap="2" count="0"/>
        <line num="55" type="stmt" count="0"/>
        <line num="58" type="method" name="getLeasesByTenant" visibility="public" complexity="1" crap="2" count="0"/>
        <line num="60" type="stmt" count="0"/>
        <line num="63" type="method" name="getActiveLeases" visibility="public" complexity="1" crap="2" count="0"/>
        <line num="65" type="stmt" count="0"/>
        <line num="68" type="method" name="getExpiringLeases" visibility="public" complexity="1" crap="2" count="0"/>
        <line num="70" type="stmt" count="0"/>
        <line num="73" type="method" name="terminateLease" visibility="public" complexity="1" crap="2" count="0"/>
        <line num="75" type="stmt" count="0"/>
        <line num="76" type="stmt" count="0"/>
        <line num="77" type="stmt" count="0"/>
        <line num="78" type="stmt" count="0"/>
        <line num="81" type="method" name="renewLease" visibility="public" complexity="2" crap="6" count="0"/>
        <line num="83" type="stmt" count="0"/>
        <line num="85" type="stmt" count="0"/>
        <line num="86" type="stmt" count="0"/>
        <line num="87" type="stmt" count="0"/>
        <line num="88" type="stmt" count="0"/>
        <line num="90" type="stmt" count="0"/>
        <line num="91" type="stmt" count="0"/>
        <line num="94" type="stmt" count="0"/>
        <metrics loc="97" ncloc="94" classes="1" methods="12" coveredmethods="0" conditionals="0" coveredconditionals="0" statements="26" coveredstatements="0" elements="38" coveredelements="0"/>
      </file>
      <file name="/home/kov/projects/propertymaster/app/Services/PaymentService.php">
        <class name="App\Services\PaymentService" namespace="App\Services">
          <metrics complexity="16" methods="12" coveredmethods="0" conditionals="0" coveredconditionals="0" statements="47" coveredstatements="0" elements="59" coveredelements="0"/>
        </class>
        <line num="25" type="method" name="__construct" visibility="public" complexity="1" crap="2" count="0"/>
        <line num="33" type="stmt" count="0"/>
        <line num="34" type="stmt" count="0"/>
        <line num="35" type="stmt" count="0"/>
        <line num="36" type="stmt" count="0"/>
        <line num="37" type="stmt" count="0"/>
        <line num="41" type="method" name="getAllPayments" visibility="public" complexity="1" crap="2" count="0"/>
        <line num="43" type="stmt" count="0"/>
        <line num="46" type="method" name="getPaymentById" visibility="public" complexity="1" crap="2" count="0"/>
        <line num="48" type="stmt" count="0"/>
        <line num="51" type="method" name="createPayment" visibility="public" complexity="2" crap="6" count="0"/>
        <line num="54" type="stmt" count="0"/>
        <line num="55" type="stmt" count="0"/>
        <line num="56" type="stmt" count="0"/>
        <line num="59" type="stmt" count="0"/>
        <line num="62" type="method" name="updatePayment" visibility="public" complexity="1" crap="2" count="0"/>
        <line num="64" type="stmt" count="0"/>
        <line num="67" type="method" name="deletePayment" visibility="public" complexity="1" crap="2" count="0"/>
        <line num="69" type="stmt" count="0"/>
        <line num="72" type="method" name="getPaymentsByLease" visibility="public" complexity="1" crap="2" count="0"/>
        <line num="74" type="stmt" count="0"/>
        <line num="77" type="method" name="getPaymentsByDateRange" visibility="public" complexity="1" crap="2" count="0"/>
        <line num="79" type="stmt" count="0"/>
        <line num="82" type="method" name="getOutstandingPayments" visibility="public" complexity="1" crap="2" count="0"/>
        <line num="84" type="stmt" count="0"/>
        <line num="87" type="method" name="markPaymentAsCompleted" visibility="public" complexity="1" crap="2" count="0"/>
        <line num="89" type="stmt" count="0"/>
        <line num="90" type="stmt" count="0"/>
        <line num="91" type="stmt" count="0"/>
        <line num="92" type="stmt" count="0"/>
        <line num="95" type="method" name="generateRentInvoice" visibility="public" complexity="2" crap="6" count="0"/>
        <line num="97" type="stmt" count="0"/>
        <line num="99" type="stmt" count="0"/>
        <line num="100" type="stmt" count="0"/>
        <line num="103" type="stmt" count="0"/>
        <line num="105" type="stmt" count="0"/>
        <line num="106" type="stmt" count="0"/>
        <line num="107" type="stmt" count="0"/>
        <line num="108" type="stmt" count="0"/>
        <line num="109" type="stmt" count="0"/>
        <line num="110" type="stmt" count="0"/>
        <line num="111" type="stmt" count="0"/>
        <line num="112" type="stmt" count="0"/>
        <line num="115" type="method" name="sendPaymentReceipt" visibility="public" complexity="3" crap="12" count="0"/>
        <line num="117" type="stmt" count="0"/>
        <line num="119" type="stmt" count="0"/>
        <line num="120" type="stmt" count="0"/>
        <line num="124" type="stmt" count="0"/>
        <line num="125" type="stmt" count="0"/>
        <line num="126" type="stmt" count="0"/>
        <line num="127" type="stmt" count="0"/>
        <line num="130" type="stmt" count="0"/>
        <line num="131" type="stmt" count="0"/>
        <line num="132" type="stmt" count="0"/>
        <line num="133" type="stmt" count="0"/>
        <line num="134" type="stmt" count="0"/>
        <line num="135" type="stmt" count="0"/>
        <line num="136" type="stmt" count="0"/>
        <line num="138" type="stmt" count="0"/>
        <metrics loc="142" ncloc="138" classes="1" methods="12" coveredmethods="0" conditionals="0" coveredconditionals="0" statements="47" coveredstatements="0" elements="59" coveredelements="0"/>
      </file>
      <file name="/home/kov/projects/propertymaster/app/Services/PropertyService.php">
        <class name="App\Services\PropertyService" namespace="App\Services">
          <metrics complexity="7" methods="7" coveredmethods="0" conditionals="0" coveredconditionals="0" statements="7" coveredstatements="0" elements="14" coveredelements="0"/>
        </class>
        <line num="10" type="method" name="__construct" visibility="public" complexity="1" crap="2" count="0"/>
        <line num="12" type="stmt" count="0"/>
        <line num="15" type="method" name="getAllProperties" visibility="public" complexity="1" crap="2" count="0"/>
        <line num="17" type="stmt" count="0"/>
        <line num="20" type="method" name="getPropertyById" visibility="public" complexity="1" crap="2" count="0"/>
        <line num="22" type="stmt" count="0"/>
        <line num="25" type="method" name="createProperty" visibility="public" complexity="1" crap="2" count="0"/>
        <line num="27" type="stmt" count="0"/>
        <line num="30" type="method" name="updateProperty" visibility="public" complexity="1" crap="2" count="0"/>
        <line num="32" type="stmt" count="0"/>
        <line num="35" type="method" name="deleteProperty" visibility="public" complexity="1" crap="2" count="0"/>
        <line num="37" type="stmt" count="0"/>
        <line num="40" type="method" name="getPropertiesByUser" visibility="public" complexity="1" crap="2" count="0"/>
        <line num="42" type="stmt" count="0"/>
        <metrics loc="45" ncloc="45" classes="1" methods="7" coveredmethods="0" conditionals="0" coveredconditionals="0" statements="7" coveredstatements="0" elements="14" coveredelements="0"/>
      </file>
      <file name="/home/kov/projects/propertymaster/app/Services/RentReminderService.php">
        <class name="App\Services\RentReminderService" namespace="App\Services">
          <metrics complexity="8" methods="2" coveredmethods="0" conditionals="0" coveredconditionals="0" statements="36" coveredstatements="0" elements="38" coveredelements="0"/>
        </class>
        <line num="18" type="method" name="scheduleUpcomingRentReminders" visibility="public" complexity="4" crap="20" count="0"/>
        <line num="21" type="stmt" count="0"/>
        <line num="24" type="stmt" count="0"/>
        <line num="25" type="stmt" count="0"/>
        <line num="26" type="stmt" count="0"/>
        <line num="27" type="stmt" count="0"/>
        <line num="29" type="stmt" count="0"/>
        <line num="31" type="stmt" count="0"/>
        <line num="33" type="stmt" count="0"/>
        <line num="34" type="stmt" count="0"/>
        <line num="35" type="stmt" count="0"/>
        <line num="36" type="stmt" count="0"/>
        <line num="37" type="stmt" count="0"/>
        <line num="38" type="stmt" count="0"/>
        <line num="42" type="stmt" count="0"/>
        <line num="43" type="stmt" count="0"/>
        <line num="45" type="stmt" count="0"/>
        <line num="48" type="stmt" count="0"/>
        <line num="50" type="stmt" count="0"/>
        <line num="60" type="method" name="sendReminderForPayment" visibility="public" complexity="4" crap="20" count="0"/>
        <line num="62" type="stmt" count="0"/>
        <line num="64" type="stmt" count="0"/>
        <line num="65" type="stmt" count="0"/>
        <line num="66" type="stmt" count="0"/>
        <line num="69" type="stmt" count="0"/>
        <line num="70" type="stmt" count="0"/>
        <line num="71" type="stmt" count="0"/>
        <line num="72" type="stmt" count="0"/>
        <line num="73" type="stmt" count="0"/>
        <line num="74" type="stmt" count="0"/>
        <line num="78" type="stmt" count="0"/>
        <line num="79" type="stmt" count="0"/>
        <line num="81" type="stmt" count="0"/>
        <line num="82" type="stmt" count="0"/>
        <line num="83" type="stmt" count="0"/>
        <line num="84" type="stmt" count="0"/>
        <line num="85" type="stmt" count="0"/>
        <line num="87" type="stmt" count="0"/>
        <metrics loc="90" ncloc="72" classes="1" methods="2" coveredmethods="0" conditionals="0" coveredconditionals="0" statements="36" coveredstatements="0" elements="38" coveredelements="0"/>
      </file>
      <file name="/home/kov/projects/propertymaster/app/Services/TenantService.php">
        <class name="App\Services\TenantService" namespace="App\Services">
          <metrics complexity="6" methods="6" coveredmethods="0" conditionals="0" coveredconditionals="0" statements="6" coveredstatements="0" elements="12" coveredelements="0"/>
        </class>
        <line num="10" type="method" name="__construct" visibility="public" complexity="1" crap="2" count="0"/>
        <line num="12" type="stmt" count="0"/>
        <line num="15" type="method" name="getAllTenants" visibility="public" complexity="1" crap="2" count="0"/>
        <line num="17" type="stmt" count="0"/>
        <line num="20" type="method" name="getTenantById" visibility="public" complexity="1" crap="2" count="0"/>
        <line num="22" type="stmt" count="0"/>
        <line num="25" type="method" name="createTenant" visibility="public" complexity="1" crap="2" count="0"/>
        <line num="27" type="stmt" count="0"/>
        <line num="30" type="method" name="updateTenant" visibility="public" complexity="1" crap="2" count="0"/>
        <line num="32" type="stmt" count="0"/>
        <line num="35" type="method" name="deleteTenant" visibility="public" complexity="1" crap="2" count="0"/>
        <line num="37" type="stmt" count="0"/>
        <metrics loc="40" ncloc="40" classes="1" methods="6" coveredmethods="0" conditionals="0" coveredconditionals="0" statements="6" coveredstatements="0" elements="12" coveredelements="0"/>
      </file>
      <file name="/home/kov/projects/propertymaster/app/Services/UnitService.php">
        <class name="App\Services\UnitService" namespace="App\Services">
          <metrics complexity="8" methods="8" coveredmethods="0" conditionals="0" coveredconditionals="0" statements="8" coveredstatements="0" elements="16" coveredelements="0"/>
        </class>
        <line num="10" type="method" name="__construct" visibility="public" complexity="1" crap="2" count="0"/>
        <line num="12" type="stmt" count="0"/>
        <line num="15" type="method" name="getAllUnits" visibility="public" complexity="1" crap="2" count="0"/>
        <line num="17" type="stmt" count="0"/>
        <line num="20" type="method" name="getUnitById" visibility="public" complexity="1" crap="2" count="0"/>
        <line num="22" type="stmt" count="0"/>
        <line num="25" type="method" name="createUnit" visibility="public" complexity="1" crap="2" count="0"/>
        <line num="27" type="stmt" count="0"/>
        <line num="30" type="method" name="updateUnit" visibility="public" complexity="1" crap="2" count="0"/>
        <line num="32" type="stmt" count="0"/>
        <line num="35" type="method" name="deleteUnit" visibility="public" complexity="1" crap="2" count="0"/>
        <line num="37" type="stmt" count="0"/>
        <line num="40" type="method" name="getUnitsByProperty" visibility="public" complexity="1" crap="2" count="0"/>
        <line num="42" type="stmt" count="0"/>
        <line num="45" type="method" name="getVacantUnits" visibility="public" complexity="1" crap="2" count="0"/>
        <line num="47" type="stmt" count="0"/>
        <metrics loc="50" ncloc="50" classes="1" methods="8" coveredmethods="0" conditionals="0" coveredconditionals="0" statements="8" coveredstatements="0" elements="16" coveredelements="0"/>
      </file>
      <file name="/home/kov/projects/propertymaster/app/Services/UserService.php">
        <class name="App\Services\UserService" namespace="App\Services">
          <metrics complexity="19" methods="9" coveredmethods="0" conditionals="0" coveredconditionals="0" statements="42" coveredstatements="0" elements="51" coveredelements="0"/>
        </class>
        <line num="24" type="method" name="__construct" visibility="public" complexity="1" crap="2" count="0"/>
        <line num="26" type="stmt" count="0"/>
        <line num="36" type="method" name="getPaginatedUsers" visibility="public" complexity="1" crap="2" count="0"/>
        <line num="38" type="stmt" count="0"/>
        <line num="47" type="method" name="getAllUsers" visibility="public" complexity="1" crap="2" count="0"/>
        <line num="49" type="stmt" count="0"/>
        <line num="58" type="method" name="getUserById" visibility="public" complexity="1" crap="2" count="0"/>
        <line num="60" type="stmt" count="0"/>
        <line num="69" type="method" name="createUser" visibility="public" complexity="3" crap="12" count="0"/>
        <line num="72" type="stmt" count="0"/>
        <line num="73" type="stmt" count="0"/>
        <line num="74" type="stmt" count="0"/>
        <line num="75" type="stmt" count="0"/>
        <line num="79" type="stmt" count="0"/>
        <line num="80" type="stmt" count="0"/>
        <line num="83" type="stmt" count="0"/>
        <line num="94" type="method" name="updateUser" visibility="public" complexity="6" crap="42" count="0"/>
        <line num="97" type="stmt" count="0"/>
        <line num="98" type="stmt" count="0"/>
        <line num="99" type="stmt" count="0"/>
        <line num="100" type="stmt" count="0"/>
        <line num="101" type="stmt" count="0"/>
        <line num="105" type="stmt" count="0"/>
        <line num="106" type="stmt" count="0"/>
        <line num="107" type="stmt" count="0"/>
        <line num="108" type="stmt" count="0"/>
        <line num="109" type="stmt" count="0"/>
        <line num="110" type="stmt" count="0"/>
        <line num="114" type="stmt" count="0"/>
        <line num="124" type="method" name="deleteUser" visibility="public" complexity="2" crap="6" count="0"/>
        <line num="127" type="stmt" count="0"/>
        <line num="128" type="stmt" count="0"/>
        <line num="129" type="stmt" count="0"/>
        <line num="130" type="stmt" count="0"/>
        <line num="131" type="stmt" count="0"/>
        <line num="134" type="stmt" count="0"/>
        <line num="143" type="method" name="getUsersByRole" visibility="public" complexity="1" crap="2" count="0"/>
        <line num="145" type="stmt" count="0"/>
        <line num="157" type="method" name="changePassword" visibility="public" complexity="3" crap="12" count="0"/>
        <line num="159" type="stmt" count="0"/>
        <line num="161" type="stmt" count="0"/>
        <line num="162" type="stmt" count="0"/>
        <line num="163" type="stmt" count="0"/>
        <line num="164" type="stmt" count="0"/>
        <line num="168" type="stmt" count="0"/>
        <line num="169" type="stmt" count="0"/>
        <line num="170" type="stmt" count="0"/>
        <line num="171" type="stmt" count="0"/>
        <line num="175" type="stmt" count="0"/>
        <line num="176" type="stmt" count="0"/>
        <line num="177" type="stmt" count="0"/>
        <metrics loc="180" ncloc="113" classes="1" methods="9" coveredmethods="0" conditionals="0" coveredconditionals="0" statements="42" coveredstatements="0" elements="51" coveredelements="0"/>
      </file>
    </package>
    <metrics files="49" loc="4509" ncloc="3447" classes="40" methods="236" coveredmethods="13" conditionals="0" coveredconditionals="0" statements="1260" coveredstatements="154" elements="1496" coveredelements="167"/>
  </project>
</coverage>
